[debug] [2019-05-15T16:00:25.855Z] ----------------------------------------------------------------------
[debug] [2019-05-15T16:00:25.856Z] Command:       /usr/local/bin/node /usr/local/bin/firebase init
[debug] [2019-05-15T16:00:25.857Z] CLI Version:   6.9.2
[debug] [2019-05-15T16:00:25.857Z] Platform:      darwin
[debug] [2019-05-15T16:00:25.857Z] Node Version:  v10.15.2
[debug] [2019-05-15T16:00:25.858Z] Time:          Wed May 15 2019 18:00:25 GMT+0200 (GMT+02:00)
[debug] [2019-05-15T16:00:25.858Z] ----------------------------------------------------------------------
[debug] 
[debug] [2019-05-15T16:00:25.864Z] > command requires scopes: ["email","openid","https://www.googleapis.com/auth/cloudplatformprojects.readonly","https://www.googleapis.com/auth/firebase","https://www.googleapis.com/auth/cloud-platform"]
[debug] [2019-05-15T16:00:25.864Z] > authorizing via signed-in user
[info] 
     ######## #### ########  ######## ########     ###     ######  ########
     ##        ##  ##     ## ##       ##     ##  ##   ##  ##       ##
     ######    ##  ########  ######   ########  #########  ######  ######
     ##        ##  ##    ##  ##       ##     ## ##     ##       ## ##
     ##       #### ##     ## ######## ########  ##     ##  ######  ########

You're about to initialize a Firebase project in this directory:

  /Users/yuliettadelaudi/Desktop/Proyecto-Skylab/hotel

[info] 
=== Project Setup
[info] 
[info] First, let's associate this project directory with a Firebase project.
[info] You can create multiple project aliases by running firebase use --add, 
[info] but for now we'll just set up a default project.
[info] 
[debug] [2019-05-15T16:00:44.816Z] >>> HTTP REQUEST GET https://firebase.googleapis.com/v1beta1/projects?page_size=100  
 
[debug] [2019-05-15T16:00:46.523Z] <<< HTTP RESPONSE 200
[info] i  Using project hotel-skylab (hotel-skylab)
[info] 
=== Firestore Setup
[debug] [2019-05-15T16:01:04.572Z] > command requires scopes: ["email","openid","https://www.googleapis.com/auth/cloudplatformprojects.readonly","https://www.googleapis.com/auth/firebase","https://www.googleapis.com/auth/cloud-platform"]
[debug] [2019-05-15T16:01:04.572Z] > authorizing via signed-in user
[debug] [2019-05-15T16:01:04.573Z] >>> HTTP REQUEST GET https://firebase.googleapis.com/v1beta1/projects/hotel-skylab  
 
[debug] [2019-05-15T16:01:04.831Z] <<< HTTP RESPONSE 200
[info] 
[info] Firestore Security Rules allow you to define how and when to allow
[info] requests. You can keep these rules in your project directory
[info] and publish them with firebase deploy.
[info] 
[debug] [2019-05-15T16:01:13.788Z] >>> HTTP REQUEST GET https://firebaserules.googleapis.com/v1/projects/hotel-skylab/releases?pageSize=10&pageToken=  
 
[debug] [2019-05-15T16:01:15.682Z] <<< HTTP RESPONSE 200
[debug] [2019-05-15T16:01:15.683Z] Found ruleset: projects/hotel-skylab/rulesets/c5c8e6de-c351-417b-a1b3-beebed10d12a
[debug] [2019-05-15T16:01:15.683Z] >>> HTTP REQUEST GET https://firebaserules.googleapis.com/v1/projects/hotel-skylab/rulesets/c5c8e6de-c351-417b-a1b3-beebed10d12a  
 
[debug] [2019-05-15T16:01:16.551Z] <<< HTTP RESPONSE 200
[info] 
[info] Firestore indexes allow you to perform complex queries while
[info] maintaining performance that scales with the size of the result
[info] set. You can keep index definitions in your project directory
[info] and publish them with firebase deploy.
[info] 
